<?xml version="1.0" encoding="UTF-8"?>
<testng-results ignored="1" total="2" passed="1" failed="0" skipped="0">
  <reporter-output>
  </reporter-output>
  <suite started-at="2023-11-16T18:01:58 IST" name="Suite" finished-at="2023-11-16T18:02:13 IST" duration-ms="15552">
    <groups>
    </groups>
    <test started-at="2023-11-16T18:01:58 IST" name="Test" finished-at="2023-11-16T18:02:13 IST" duration-ms="15552">
      <class name="tests.FinanceFlows">
        <test-method signature="CreditCardFlow()[pri:0, instance:tests.FinanceFlows@26d9b808]" started-at="2023-11-16T18:01:58 IST" name="CreditCardFlow" finished-at="2023-11-16T18:02:12 IST" duration-ms="14644" status="PASS">
          <reporter-output>
          </reporter-output>
        </test-method> <!-- CreditCardFlow -->
        <test-method is-config="true" signature="CloseBrowser()[pri:0, instance:tests.FinanceFlows@26d9b808]" started-at="2023-11-16T18:02:12 IST" name="CloseBrowser" finished-at="2023-11-16T18:02:13 IST" duration-ms="839" status="PASS">
          <reporter-output>
          </reporter-output>
        </test-method> <!-- CloseBrowser -->
      </class> <!-- tests.FinanceFlows -->
    </test> <!-- Test -->
  </suite> <!-- Suite -->
</testng-results>
